<?xml version="1.0" encoding="UTF-8"?>
<!-- Generated by org.testng.reporters.JUnitReportReporter -->
<testsuite hostname="LAPTOP-NL4VL4N7" failures="0" tests="2" name="testngLoginFunds.login" time="26.259" errors="0" timestamp="2021-05-25T21:48:07 NZST" skipped="0">
  <testcase classname="testngLoginFunds.login" name="log" time="10.905"/>
  <system-out/>
  <testcase classname="testngLoginFunds.login" name="tf" time="15.354"/>
  <system-out/>
</testsuite> <!-- testngLoginFunds.login -->
