<?xml version="1.0" encoding="UTF-8"?>
<!-- Generated by org.testng.reporters.JUnitReportReporter -->
<testsuite hostname="LAPTOP-NL4VL4N7" failures="0" tests="1" name="ParaBankWebPage.RegTest" time="11.509" errors="0" timestamp="2021-05-31T17:04:43 NZST" skipped="0">
  <testcase classname="ParaBankWebPage.RegTest" name="reg" time="11.509"/>
  <system-out/>
</testsuite> <!-- ParaBankWebPage.RegTest -->
