<?xml version="1.0" encoding="UTF-8"?>
<!-- Generated by org.testng.reporters.JUnitReportReporter -->
<testsuite hostname="LAPTOP-NL4VL4N7" failures="0" tests="1" name="parabankTestNG.login" time="21.566" errors="0" timestamp="2021-05-26T20:14:17 NZST" skipped="0">
  <testcase classname="parabankTestNG.login" name="log" time="21.566"/>
  <system-out/>
</testsuite> <!-- parabankTestNG.login -->
