<?xml version="1.0" encoding="UTF-8"?>
<!-- Generated by org.testng.reporters.JUnitReportReporter -->
<testsuite hostname="LAPTOP-NL4VL4N7" failures="0" tests="1" name="ParaBankWebPage.LoginTest" time="11.758" errors="0" timestamp="2021-06-05T16:03:38 NZST" skipped="0">
  <testcase classname="ParaBankWebPage.LoginTest" name="login" time="11.758"/>
  <system-out/>
</testsuite> <!-- ParaBankWebPage.LoginTest -->
